==============================
Date: 2026-02-24 14:15:22
Name: sandi
Email: sa@gmail.com
Message:
r3er4r4
==============================

==============================
Date: 2026-02-24 14:20:33
Name: sandi
Email: sa@gmail.com
Message:
ewrwrer
==============================

==============================
Date: 2026-02-24 14:23:36
Name: Brilliant
Email: Brilliant@gmail.com
Message:
ok
==============================

==============================
Date: 2026-02-24 14:24:35
Name: Brilliant
Email: Brilliant@gmail.com
Message:
thank you
==============================

==============================
Date: 2026-02-24 14:57:36
Name: Van Cook
Email: mfikoelucky@gmail.com
Message:
Chicken Licken is trash!!!!!
==============================

